# HELP jvm_gc_collection_seconds Time spent in a given JVM garbage collector in seconds.
# TYPE jvm_gc_collection_seconds summary
jvm_gc_collection_seconds_count{gc="PS Scavenge",} 0.0
jvm_gc_collection_seconds_sum{gc="PS Scavenge",} 0.0
jvm_gc_collection_seconds_count{gc="PS MarkSweep",} 0.0
jvm_gc_collection_seconds_sum{gc="PS MarkSweep",} 0.0
# HELP jvm_info JVM version info
# TYPE jvm_info gauge
jvm_info{version="1.8.0_112-b15",vendor="Oracle Corporation",runtime="Java(TM) SE Runtime Environment",} 1.0
# HELP jvm_memory_bytes_used Used bytes of a given JVM memory area.
# TYPE jvm_memory_bytes_used gauge
jvm_memory_bytes_used{area="heap",} 2.64472E7
jvm_memory_bytes_used{area="nonheap",} 1.0669848E7
# HELP jvm_memory_bytes_committed Committed (bytes) of a given JVM memory area.
# TYPE jvm_memory_bytes_committed gauge
jvm_memory_bytes_committed{area="heap",} 2.53231104E8
jvm_memory_bytes_committed{area="nonheap",} 1.1730944E7
# HELP jvm_memory_bytes_max Max (bytes) of a given JVM memory area.
# TYPE jvm_memory_bytes_max gauge
jvm_memory_bytes_max{area="heap",} 3.749183488E9
jvm_memory_bytes_max{area="nonheap",} -1.0
# HELP jvm_memory_bytes_init Initial bytes of a given JVM memory area.
# TYPE jvm_memory_bytes_init gauge
jvm_memory_bytes_init{area="heap",} 2.64241152E8
jvm_memory_bytes_init{area="nonheap",} 2555904.0
# HELP jvm_memory_pool_bytes_used Used bytes of a given JVM memory pool.
# TYPE jvm_memory_pool_bytes_used gauge
jvm_memory_pool_bytes_used{pool="Code Cache",} 2215680.0
jvm_memory_pool_bytes_used{pool="Metaspace",} 7576680.0
jvm_memory_pool_bytes_used{pool="Compressed Class Space",} 877488.0
jvm_memory_pool_bytes_used{pool="PS Eden Space",} 2.64472E7
jvm_memory_pool_bytes_used{pool="PS Survivor Space",} 0.0
jvm_memory_pool_bytes_used{pool="PS Old Gen",} 0.0
# HELP jvm_memory_pool_bytes_committed Committed bytes of a given JVM memory pool.
# TYPE jvm_memory_pool_bytes_committed gauge
jvm_memory_pool_bytes_committed{pool="Code Cache",} 2555904.0
jvm_memory_pool_bytes_committed{pool="Metaspace",} 8126464.0
jvm_memory_pool_bytes_committed{pool="Compressed Class Space",} 1048576.0
jvm_memory_pool_bytes_committed{pool="PS Eden Space",} 6.6060288E7
jvm_memory_pool_bytes_committed{pool="PS Survivor Space",} 1.1010048E7
jvm_memory_pool_bytes_committed{pool="PS Old Gen",} 1.76160768E8
# HELP jvm_memory_pool_bytes_max Max bytes of a given JVM memory pool.
# TYPE jvm_memory_pool_bytes_max gauge
jvm_memory_pool_bytes_max{pool="Code Cache",} 2.5165824E8
jvm_memory_pool_bytes_max{pool="Metaspace",} -1.0
jvm_memory_pool_bytes_max{pool="Compressed Class Space",} 1.073741824E9
jvm_memory_pool_bytes_max{pool="PS Eden Space",} 1.383596032E9
jvm_memory_pool_bytes_max{pool="PS Survivor Space",} 1.1010048E7
jvm_memory_pool_bytes_max{pool="PS Old Gen",} 2.811756544E9
# HELP jvm_memory_pool_bytes_init Initial bytes of a given JVM memory pool.
# TYPE jvm_memory_pool_bytes_init gauge
jvm_memory_pool_bytes_init{pool="Code Cache",} 2555904.0
jvm_memory_pool_bytes_init{pool="Metaspace",} 0.0
jvm_memory_pool_bytes_init{pool="Compressed Class Space",} 0.0
jvm_memory_pool_bytes_init{pool="PS Eden Space",} 6.6060288E7
jvm_memory_pool_bytes_init{pool="PS Survivor Space",} 1.1010048E7
jvm_memory_pool_bytes_init{pool="PS Old Gen",} 1.76160768E8
# HELP jvm_buffer_pool_used_bytes Used bytes of a given JVM buffer pool.
# TYPE jvm_buffer_pool_used_bytes gauge
jvm_buffer_pool_used_bytes{pool="direct",} 40976.0
jvm_buffer_pool_used_bytes{pool="mapped",} 0.0
# HELP jvm_buffer_pool_capacity_bytes Bytes capacity of a given JVM buffer pool.
# TYPE jvm_buffer_pool_capacity_bytes gauge
jvm_buffer_pool_capacity_bytes{pool="direct",} 40976.0
jvm_buffer_pool_capacity_bytes{pool="mapped",} 0.0
# HELP jvm_buffer_pool_used_buffers Used buffers of a given JVM buffer pool.
# TYPE jvm_buffer_pool_used_buffers gauge
jvm_buffer_pool_used_buffers{pool="direct",} 6.0
jvm_buffer_pool_used_buffers{pool="mapped",} 0.0
# HELP jvm_threads_current Current thread count of a JVM
# TYPE jvm_threads_current gauge
jvm_threads_current 13.0
# HELP jvm_threads_daemon Daemon thread count of a JVM
# TYPE jvm_threads_daemon gauge
jvm_threads_daemon 6.0
# HELP jvm_threads_peak Peak thread count of a JVM
# TYPE jvm_threads_peak gauge
jvm_threads_peak 13.0
# HELP jvm_threads_started_total Started thread count of a JVM
# TYPE jvm_threads_started_total counter
jvm_threads_started_total 14.0
# HELP jvm_threads_deadlocked Cycles of JVM-threads that are in deadlock waiting to acquire object monitors or ownable synchronizers
# TYPE jvm_threads_deadlocked gauge
jvm_threads_deadlocked 0.0
# HELP jvm_threads_deadlocked_monitor Cycles of JVM-threads that are in deadlock waiting to acquire object monitors
# TYPE jvm_threads_deadlocked_monitor gauge
jvm_threads_deadlocked_monitor 0.0
# HELP jvm_threads_state Current count of threads by state
# TYPE jvm_threads_state gauge
jvm_threads_state{state="TIMED_WAITING",} 1.0
jvm_threads_state{state="RUNNABLE",} 6.0
jvm_threads_state{state="TERMINATED",} 0.0
jvm_threads_state{state="WAITING",} 6.0
jvm_threads_state{state="BLOCKED",} 0.0
jvm_threads_state{state="NEW",} 0.0
# HELP jvm_memory_pool_allocated_bytes_total Total bytes allocated in a given JVM memory pool. Only updated after GC, not continuously.
# TYPE jvm_memory_pool_allocated_bytes_total counter
# HELP jvm_classes_loaded The number of classes that are currently loaded in the JVM
# TYPE jvm_classes_loaded gauge
jvm_classes_loaded 1302.0
# HELP jvm_classes_loaded_total The total number of classes that have been loaded since the JVM has started execution
# TYPE jvm_classes_loaded_total counter
jvm_classes_loaded_total 1302.0
# HELP jvm_classes_unloaded_total The total number of classes that have been unloaded since the JVM has started execution
# TYPE jvm_classes_unloaded_total counter
jvm_classes_unloaded_total 0.0
# HELP process_cpu_seconds_total Total user and system CPU time spent in seconds.
# TYPE process_cpu_seconds_total counter
process_cpu_seconds_total 1.2012077
# HELP process_start_time_seconds Start time of the process since unix epoch in seconds.
# TYPE process_start_time_seconds gauge
process_start_time_seconds 1.571910366385E9